<?xml version="1.0" encoding="UTF-8"?>
<testsuite xmlns:xsi="http://www.w3.org/2001/XMLSchema-instance" xsi:noNamespaceSchemaLocation="https://maven.apache.org/surefire/maven-surefire-plugin/xsd/surefire-test-report-3.0.xsd" version="3.0" name="runner.RunCucumberTest" time="278.565" tests="10" errors="0" skipped="0" failures="0">
  <properties>
    <property name="sun.desktop" value="windows"/>
    <property name="awt.toolkit" value="sun.awt.windows.WToolkit"/>
    <property name="java.specification.version" value="11"/>
    <property name="sun.cpu.isalist" value="amd64"/>
    <property name="sun.jnu.encoding" value="Cp1252"/>
    <property name="java.class.path" value="C:\Users\M1088236\selinumProject\ComprehensiveBDD\target\test-classes;C:\Users\M1088236\selinumProject\ComprehensiveBDD\target\classes;C:\Users\M1088236\.m2\repository\tech\grasshopper\extentreports-cucumber7-adapter\1.7.0\extentreports-cucumber7-adapter-1.7.0.jar;C:\Users\M1088236\.m2\repository\com\aventstack\extentreports\5.0.9\extentreports-5.0.9.jar;C:\Users\M1088236\.m2\repository\io\reactivex\rxjava3\rxjava\3.0.4\rxjava-3.0.4.jar;C:\Users\M1088236\.m2\repository\org\reactivestreams\reactive-streams\1.0.3\reactive-streams-1.0.3.jar;C:\Users\M1088236\.m2\repository\org\freemarker\freemarker\2.3.30\freemarker-2.3.30.jar;C:\Users\M1088236\.m2\repository\org\projectlombok\lombok\1.18.12\lombok-1.18.12.jar;C:\Users\M1088236\.m2\repository\com\google\code\gson\gson\2.8.6\gson-2.8.6.jar;C:\Users\M1088236\.m2\repository\tech\grasshopper\extent-pdf-report\2.7.0\extent-pdf-report-2.7.0.jar;C:\Users\M1088236\.m2\repository\tech\grasshopper\cucumber-pdf-report\2.10.0\cucumber-pdf-report-2.10.0.jar;C:\Users\M1088236\.m2\repository\org\apache\pdfbox\pdfbox\2.0.26\pdfbox-2.0.26.jar;C:\Users\M1088236\.m2\repository\org\apache\pdfbox\fontbox\2.0.26\fontbox-2.0.26.jar;C:\Users\M1088236\.m2\repository\org\knowm\xchart\xchart\3.8.0\xchart-3.8.0.jar;C:\Users\M1088236\.m2\repository\de\erichseifert\vectorgraphics2d\VectorGraphics2D\0.13\VectorGraphics2D-0.13.jar;C:\Users\M1088236\.m2\repository\de\rototor\pdfbox\graphics2d\0.30\graphics2d-0.30.jar;C:\Users\M1088236\.m2\repository\com\madgag\animated-gif-lib\1.4\animated-gif-lib-1.4.jar;C:\Users\M1088236\.m2\repository\org\yaml\snakeyaml\1.28\snakeyaml-1.28.jar;C:\Users\M1088236\.m2\repository\tech\grasshopper\table-layout\1.5.1\table-layout-1.5.1.jar;C:\Users\M1088236\.m2\repository\tech\grasshopper\rest-assured-cucumber-pdf-report\1.4.1\rest-assured-cucumber-pdf-report-1.4.1.jar;C:\Users\M1088236\.m2\repository\org\jsoup\jsoup\1.14.3\jsoup-1.14.3.jar;C:\Users\M1088236\.m2\repository\com\aventstack\klov-reporter\5.0.9\klov-reporter-5.0.9.jar;C:\Users\M1088236\.m2\repository\org\mongodb\mongodb-driver\3.6.4\mongodb-driver-3.6.4.jar;C:\Users\M1088236\.m2\repository\org\mongodb\mongodb-driver-core\3.6.4\mongodb-driver-core-3.6.4.jar;C:\Users\M1088236\.m2\repository\org\mongodb\bson\3.6.4\bson-3.6.4.jar;C:\Users\M1088236\.m2\repository\org\apache\httpcomponents\httpclient\4.5.13\httpclient-4.5.13.jar;C:\Users\M1088236\.m2\repository\org\apache\httpcomponents\httpcore\4.4.13\httpcore-4.4.13.jar;C:\Users\M1088236\.m2\repository\commons-logging\commons-logging\1.2\commons-logging-1.2.jar;C:\Users\M1088236\.m2\repository\org\apache\httpcomponents\httpmime\4.5.13\httpmime-4.5.13.jar;C:\Users\M1088236\.m2\repository\tech\grasshopper\htmlextentreporter\1.0.1\htmlextentreporter-1.0.1.jar;C:\Users\M1088236\.m2\repository\org\seleniumhq\selenium\selenium-java\3.141.59\selenium-java-3.141.59.jar;C:\Users\M1088236\.m2\repository\org\seleniumhq\selenium\selenium-api\3.141.59\selenium-api-3.141.59.jar;C:\Users\M1088236\.m2\repository\org\seleniumhq\selenium\selenium-chrome-driver\3.141.59\selenium-chrome-driver-3.141.59.jar;C:\Users\M1088236\.m2\repository\org\seleniumhq\selenium\selenium-edge-driver\3.141.59\selenium-edge-driver-3.141.59.jar;C:\Users\M1088236\.m2\repository\org\seleniumhq\selenium\selenium-firefox-driver\3.141.59\selenium-firefox-driver-3.141.59.jar;C:\Users\M1088236\.m2\repository\org\seleniumhq\selenium\selenium-ie-driver\3.141.59\selenium-ie-driver-3.141.59.jar;C:\Users\M1088236\.m2\repository\org\seleniumhq\selenium\selenium-opera-driver\3.141.59\selenium-opera-driver-3.141.59.jar;C:\Users\M1088236\.m2\repository\org\seleniumhq\selenium\selenium-remote-driver\3.141.59\selenium-remote-driver-3.141.59.jar;C:\Users\M1088236\.m2\repository\org\seleniumhq\selenium\selenium-safari-driver\3.141.59\selenium-safari-driver-3.141.59.jar;C:\Users\M1088236\.m2\repository\org\seleniumhq\selenium\selenium-support\3.141.59\selenium-support-3.141.59.jar;C:\Users\M1088236\.m2\repository\net\bytebuddy\byte-buddy\1.8.15\byte-buddy-1.8.15.jar;C:\Users\M1088236\.m2\repository\org\apache\commons\commons-exec\1.3\commons-exec-1.3.jar;C:\Users\M1088236\.m2\repository\com\google\guava\guava\25.0-jre\guava-25.0-jre.jar;C:\Users\M1088236\.m2\repository\com\google\code\findbugs\jsr305\1.3.9\jsr305-1.3.9.jar;C:\Users\M1088236\.m2\repository\org\checkerframework\checker-compat-qual\2.0.0\checker-compat-qual-2.0.0.jar;C:\Users\M1088236\.m2\repository\com\google\errorprone\error_prone_annotations\2.1.3\error_prone_annotations-2.1.3.jar;C:\Users\M1088236\.m2\repository\com\google\j2objc\j2objc-annotations\1.1\j2objc-annotations-1.1.jar;C:\Users\M1088236\.m2\repository\org\codehaus\mojo\animal-sniffer-annotations\1.14\animal-sniffer-annotations-1.14.jar;C:\Users\M1088236\.m2\repository\com\squareup\okhttp3\okhttp\3.11.0\okhttp-3.11.0.jar;C:\Users\M1088236\.m2\repository\com\squareup\okio\okio\1.14.0\okio-1.14.0.jar;C:\Users\M1088236\.m2\repository\io\cucumber\cucumber-java\7.2.2\cucumber-java-7.2.2.jar;C:\Users\M1088236\.m2\repository\io\cucumber\cucumber-core\7.2.2\cucumber-core-7.2.2.jar;C:\Users\M1088236\.m2\repository\io\cucumber\cucumber-gherkin\7.2.2\cucumber-gherkin-7.2.2.jar;C:\Users\M1088236\.m2\repository\io\cucumber\cucumber-gherkin-messages\7.2.2\cucumber-gherkin-messages-7.2.2.jar;C:\Users\M1088236\.m2\repository\io\cucumber\messages\17.1.1\messages-17.1.1.jar;C:\Users\M1088236\.m2\repository\io\cucumber\tag-expressions\4.1.0\tag-expressions-4.1.0.jar;C:\Users\M1088236\.m2\repository\io\cucumber\cucumber-expressions\15.0.1\cucumber-expressions-15.0.1.jar;C:\Users\M1088236\.m2\repository\io\cucumber\datatable\7.2.2\datatable-7.2.2.jar;C:\Users\M1088236\.m2\repository\io\cucumber\cucumber-plugin\7.2.2\cucumber-plugin-7.2.2.jar;C:\Users\M1088236\.m2\repository\io\cucumber\docstring\7.2.2\docstring-7.2.2.jar;C:\Users\M1088236\.m2\repository\io\cucumber\html-formatter\17.0.0\html-formatter-17.0.0.jar;C:\Users\M1088236\.m2\repository\io\cucumber\ci-environment\8.1.0\ci-environment-8.1.0.jar;C:\Users\M1088236\.m2\repository\org\apiguardian\apiguardian-api\1.1.2\apiguardian-api-1.1.2.jar;C:\Users\M1088236\.m2\repository\io\cucumber\cucumber-junit\7.2.2\cucumber-junit-7.2.2.jar;C:\Users\M1088236\.m2\repository\junit\junit\4.11\junit-4.11.jar;C:\Users\M1088236\.m2\repository\org\hamcrest\hamcrest-core\1.3\hamcrest-core-1.3.jar;C:\Users\M1088236\.m2\repository\commons-io\commons-io\2.11.0\commons-io-2.11.0.jar;C:\Users\M1088236\.m2\repository\org\apache\poi\poi\3.17\poi-3.17.jar;C:\Users\M1088236\.m2\repository\commons-codec\commons-codec\1.10\commons-codec-1.10.jar;C:\Users\M1088236\.m2\repository\org\apache\commons\commons-collections4\4.1\commons-collections4-4.1.jar;C:\Users\M1088236\.m2\repository\org\apache\poi\poi-ooxml\3.17\poi-ooxml-3.17.jar;C:\Users\M1088236\.m2\repository\org\apache\poi\poi-ooxml-schemas\3.17\poi-ooxml-schemas-3.17.jar;C:\Users\M1088236\.m2\repository\org\apache\xmlbeans\xmlbeans\2.6.0\xmlbeans-2.6.0.jar;C:\Users\M1088236\.m2\repository\stax\stax-api\1.0.1\stax-api-1.0.1.jar;C:\Users\M1088236\.m2\repository\com\github\virtuald\curvesapi\1.04\curvesapi-1.04.jar;C:\Users\M1088236\.m2\repository\org\apache\logging\log4j\log4j-api\2.17.2\log4j-api-2.17.2.jar;C:\Users\M1088236\.m2\repository\org\apache\logging\log4j\log4j-core\2.17.2\log4j-core-2.17.2.jar;"/>
    <property name="java.vm.vendor" value="AdoptOpenJDK"/>
    <property name="sun.arch.data.model" value="64"/>
    <property name="user.variant" value=""/>
    <property name="java.vendor.url" value="https://adoptopenjdk.net/"/>
    <property name="user.timezone" value="Asia/Calcutta"/>
    <property name="java.vm.specification.version" value="11"/>
    <property name="os.name" value="Windows 10"/>
    <property name="sun.java.launcher" value="SUN_STANDARD"/>
    <property name="user.country" value="US"/>
    <property name="sun.boot.library.path" value="C:\Program Files\AdoptOpenJDK\jdk-11.0.11.9-hotspot\bin"/>
    <property name="sun.java.command" value="C:\Users\M1088236\AppData\Local\Temp\surefire18421358270751535416\surefirebooter-20220731221528689_3.jar C:\Users\M1088236\AppData\Local\Temp\surefire18421358270751535416 2022-07-31T22-15-28_105-jvmRun1 surefire-20220731221528689_1tmp surefire_0-20220731221528689_2tmp"/>
    <property name="jdk.debug" value="release"/>
    <property name="surefire.test.class.path" value="C:\Users\M1088236\selinumProject\ComprehensiveBDD\target\test-classes;C:\Users\M1088236\selinumProject\ComprehensiveBDD\target\classes;C:\Users\M1088236\.m2\repository\tech\grasshopper\extentreports-cucumber7-adapter\1.7.0\extentreports-cucumber7-adapter-1.7.0.jar;C:\Users\M1088236\.m2\repository\com\aventstack\extentreports\5.0.9\extentreports-5.0.9.jar;C:\Users\M1088236\.m2\repository\io\reactivex\rxjava3\rxjava\3.0.4\rxjava-3.0.4.jar;C:\Users\M1088236\.m2\repository\org\reactivestreams\reactive-streams\1.0.3\reactive-streams-1.0.3.jar;C:\Users\M1088236\.m2\repository\org\freemarker\freemarker\2.3.30\freemarker-2.3.30.jar;C:\Users\M1088236\.m2\repository\org\projectlombok\lombok\1.18.12\lombok-1.18.12.jar;C:\Users\M1088236\.m2\repository\com\google\code\gson\gson\2.8.6\gson-2.8.6.jar;C:\Users\M1088236\.m2\repository\tech\grasshopper\extent-pdf-report\2.7.0\extent-pdf-report-2.7.0.jar;C:\Users\M1088236\.m2\repository\tech\grasshopper\cucumber-pdf-report\2.10.0\cucumber-pdf-report-2.10.0.jar;C:\Users\M1088236\.m2\repository\org\apache\pdfbox\pdfbox\2.0.26\pdfbox-2.0.26.jar;C:\Users\M1088236\.m2\repository\org\apache\pdfbox\fontbox\2.0.26\fontbox-2.0.26.jar;C:\Users\M1088236\.m2\repository\org\knowm\xchart\xchart\3.8.0\xchart-3.8.0.jar;C:\Users\M1088236\.m2\repository\de\erichseifert\vectorgraphics2d\VectorGraphics2D\0.13\VectorGraphics2D-0.13.jar;C:\Users\M1088236\.m2\repository\de\rototor\pdfbox\graphics2d\0.30\graphics2d-0.30.jar;C:\Users\M1088236\.m2\repository\com\madgag\animated-gif-lib\1.4\animated-gif-lib-1.4.jar;C:\Users\M1088236\.m2\repository\org\yaml\snakeyaml\1.28\snakeyaml-1.28.jar;C:\Users\M1088236\.m2\repository\tech\grasshopper\table-layout\1.5.1\table-layout-1.5.1.jar;C:\Users\M1088236\.m2\repository\tech\grasshopper\rest-assured-cucumber-pdf-report\1.4.1\rest-assured-cucumber-pdf-report-1.4.1.jar;C:\Users\M1088236\.m2\repository\org\jsoup\jsoup\1.14.3\jsoup-1.14.3.jar;C:\Users\M1088236\.m2\repository\com\aventstack\klov-reporter\5.0.9\klov-reporter-5.0.9.jar;C:\Users\M1088236\.m2\repository\org\mongodb\mongodb-driver\3.6.4\mongodb-driver-3.6.4.jar;C:\Users\M1088236\.m2\repository\org\mongodb\mongodb-driver-core\3.6.4\mongodb-driver-core-3.6.4.jar;C:\Users\M1088236\.m2\repository\org\mongodb\bson\3.6.4\bson-3.6.4.jar;C:\Users\M1088236\.m2\repository\org\apache\httpcomponents\httpclient\4.5.13\httpclient-4.5.13.jar;C:\Users\M1088236\.m2\repository\org\apache\httpcomponents\httpcore\4.4.13\httpcore-4.4.13.jar;C:\Users\M1088236\.m2\repository\commons-logging\commons-logging\1.2\commons-logging-1.2.jar;C:\Users\M1088236\.m2\repository\org\apache\httpcomponents\httpmime\4.5.13\httpmime-4.5.13.jar;C:\Users\M1088236\.m2\repository\tech\grasshopper\htmlextentreporter\1.0.1\htmlextentreporter-1.0.1.jar;C:\Users\M1088236\.m2\repository\org\seleniumhq\selenium\selenium-java\3.141.59\selenium-java-3.141.59.jar;C:\Users\M1088236\.m2\repository\org\seleniumhq\selenium\selenium-api\3.141.59\selenium-api-3.141.59.jar;C:\Users\M1088236\.m2\repository\org\seleniumhq\selenium\selenium-chrome-driver\3.141.59\selenium-chrome-driver-3.141.59.jar;C:\Users\M1088236\.m2\repository\org\seleniumhq\selenium\selenium-edge-driver\3.141.59\selenium-edge-driver-3.141.59.jar;C:\Users\M1088236\.m2\repository\org\seleniumhq\selenium\selenium-firefox-driver\3.141.59\selenium-firefox-driver-3.141.59.jar;C:\Users\M1088236\.m2\repository\org\seleniumhq\selenium\selenium-ie-driver\3.141.59\selenium-ie-driver-3.141.59.jar;C:\Users\M1088236\.m2\repository\org\seleniumhq\selenium\selenium-opera-driver\3.141.59\selenium-opera-driver-3.141.59.jar;C:\Users\M1088236\.m2\repository\org\seleniumhq\selenium\selenium-remote-driver\3.141.59\selenium-remote-driver-3.141.59.jar;C:\Users\M1088236\.m2\repository\org\seleniumhq\selenium\selenium-safari-driver\3.141.59\selenium-safari-driver-3.141.59.jar;C:\Users\M1088236\.m2\repository\org\seleniumhq\selenium\selenium-support\3.141.59\selenium-support-3.141.59.jar;C:\Users\M1088236\.m2\repository\net\bytebuddy\byte-buddy\1.8.15\byte-buddy-1.8.15.jar;C:\Users\M1088236\.m2\repository\org\apache\commons\commons-exec\1.3\commons-exec-1.3.jar;C:\Users\M1088236\.m2\repository\com\google\guava\guava\25.0-jre\guava-25.0-jre.jar;C:\Users\M1088236\.m2\repository\com\google\code\findbugs\jsr305\1.3.9\jsr305-1.3.9.jar;C:\Users\M1088236\.m2\repository\org\checkerframework\checker-compat-qual\2.0.0\checker-compat-qual-2.0.0.jar;C:\Users\M1088236\.m2\repository\com\google\errorprone\error_prone_annotations\2.1.3\error_prone_annotations-2.1.3.jar;C:\Users\M1088236\.m2\repository\com\google\j2objc\j2objc-annotations\1.1\j2objc-annotations-1.1.jar;C:\Users\M1088236\.m2\repository\org\codehaus\mojo\animal-sniffer-annotations\1.14\animal-sniffer-annotations-1.14.jar;C:\Users\M1088236\.m2\repository\com\squareup\okhttp3\okhttp\3.11.0\okhttp-3.11.0.jar;C:\Users\M1088236\.m2\repository\com\squareup\okio\okio\1.14.0\okio-1.14.0.jar;C:\Users\M1088236\.m2\repository\io\cucumber\cucumber-java\7.2.2\cucumber-java-7.2.2.jar;C:\Users\M1088236\.m2\repository\io\cucumber\cucumber-core\7.2.2\cucumber-core-7.2.2.jar;C:\Users\M1088236\.m2\repository\io\cucumber\cucumber-gherkin\7.2.2\cucumber-gherkin-7.2.2.jar;C:\Users\M1088236\.m2\repository\io\cucumber\cucumber-gherkin-messages\7.2.2\cucumber-gherkin-messages-7.2.2.jar;C:\Users\M1088236\.m2\repository\io\cucumber\messages\17.1.1\messages-17.1.1.jar;C:\Users\M1088236\.m2\repository\io\cucumber\tag-expressions\4.1.0\tag-expressions-4.1.0.jar;C:\Users\M1088236\.m2\repository\io\cucumber\cucumber-expressions\15.0.1\cucumber-expressions-15.0.1.jar;C:\Users\M1088236\.m2\repository\io\cucumber\datatable\7.2.2\datatable-7.2.2.jar;C:\Users\M1088236\.m2\repository\io\cucumber\cucumber-plugin\7.2.2\cucumber-plugin-7.2.2.jar;C:\Users\M1088236\.m2\repository\io\cucumber\docstring\7.2.2\docstring-7.2.2.jar;C:\Users\M1088236\.m2\repository\io\cucumber\html-formatter\17.0.0\html-formatter-17.0.0.jar;C:\Users\M1088236\.m2\repository\io\cucumber\ci-environment\8.1.0\ci-environment-8.1.0.jar;C:\Users\M1088236\.m2\repository\org\apiguardian\apiguardian-api\1.1.2\apiguardian-api-1.1.2.jar;C:\Users\M1088236\.m2\repository\io\cucumber\cucumber-junit\7.2.2\cucumber-junit-7.2.2.jar;C:\Users\M1088236\.m2\repository\junit\junit\4.11\junit-4.11.jar;C:\Users\M1088236\.m2\repository\org\hamcrest\hamcrest-core\1.3\hamcrest-core-1.3.jar;C:\Users\M1088236\.m2\repository\commons-io\commons-io\2.11.0\commons-io-2.11.0.jar;C:\Users\M1088236\.m2\repository\org\apache\poi\poi\3.17\poi-3.17.jar;C:\Users\M1088236\.m2\repository\commons-codec\commons-codec\1.10\commons-codec-1.10.jar;C:\Users\M1088236\.m2\repository\org\apache\commons\commons-collections4\4.1\commons-collections4-4.1.jar;C:\Users\M1088236\.m2\repository\org\apache\poi\poi-ooxml\3.17\poi-ooxml-3.17.jar;C:\Users\M1088236\.m2\repository\org\apache\poi\poi-ooxml-schemas\3.17\poi-ooxml-schemas-3.17.jar;C:\Users\M1088236\.m2\repository\org\apache\xmlbeans\xmlbeans\2.6.0\xmlbeans-2.6.0.jar;C:\Users\M1088236\.m2\repository\stax\stax-api\1.0.1\stax-api-1.0.1.jar;C:\Users\M1088236\.m2\repository\com\github\virtuald\curvesapi\1.04\curvesapi-1.04.jar;C:\Users\M1088236\.m2\repository\org\apache\logging\log4j\log4j-api\2.17.2\log4j-api-2.17.2.jar;C:\Users\M1088236\.m2\repository\org\apache\logging\log4j\log4j-core\2.17.2\log4j-core-2.17.2.jar;"/>
    <property name="sun.cpu.endian" value="little"/>
    <property name="user.home" value="C:\Users\M1088236"/>
    <property name="user.language" value="en"/>
    <property name="java.specification.vendor" value="Oracle Corporation"/>
    <property name="java.version.date" value="2021-04-20"/>
    <property name="java.home" value="C:\Program Files\AdoptOpenJDK\jdk-11.0.11.9-hotspot"/>
    <property name="file.separator" value="\"/>
    <property name="basedir" value="C:\Users\M1088236\selinumProject\ComprehensiveBDD"/>
    <property name="java.vm.compressedOopsMode" value="Zero based"/>
    <property name="line.separator" value="&#10;"/>
    <property name="java.specification.name" value="Java Platform API Specification"/>
    <property name="java.vm.specification.vendor" value="Oracle Corporation"/>
    <property name="java.awt.graphicsenv" value="sun.awt.Win32GraphicsEnvironment"/>
    <property name="surefire.real.class.path" value="C:\Users\M1088236\AppData\Local\Temp\surefire18421358270751535416\surefirebooter-20220731221528689_3.jar"/>
    <property name="user.script" value=""/>
    <property name="sun.management.compiler" value="HotSpot 64-Bit Tiered Compilers"/>
    <property name="java.runtime.version" value="11.0.11+9"/>
    <property name="user.name" value="M1088236"/>
    <property name="path.separator" value=";"/>
    <property name="os.version" value="10.0"/>
    <property name="java.runtime.name" value="OpenJDK Runtime Environment"/>
    <property name="file.encoding" value="Cp1252"/>
    <property name="java.vm.name" value="OpenJDK 64-Bit Server VM"/>
    <property name="java.vendor.version" value="AdoptOpenJDK-11.0.11+9"/>
    <property name="localRepository" value="C:\Users\M1088236\.m2\repository"/>
    <property name="java.vendor.url.bug" value="https://github.com/AdoptOpenJDK/openjdk-support/issues"/>
    <property name="java.io.tmpdir" value="C:\Users\M1088236\AppData\Local\Temp\"/>
    <property name="java.version" value="11.0.11"/>
    <property name="user.dir" value="C:\Users\M1088236\selinumProject\ComprehensiveBDD"/>
    <property name="os.arch" value="amd64"/>
    <property name="java.vm.specification.name" value="Java Virtual Machine Specification"/>
    <property name="java.awt.printerjob" value="sun.awt.windows.WPrinterJob"/>
    <property name="sun.os.patch.level" value=""/>
    <property name="java.library.path" value="C:\Program Files\AdoptOpenJDK\jdk-11.0.11.9-hotspot\bin;C:\WINDOWS\Sun\Java\bin;C:\WINDOWS\system32;C:\WINDOWS;C:/Users/M1088236/Downloads/eclipse-java-2022-03-R-win32-x86_64 (1)/eclipse//plugins/org.eclipse.justj.openjdk.hotspot.jre.full.win32.x86_64_17.0.2.v20220201-1208/jre/bin/server;C:/Users/M1088236/Downloads/eclipse-java-2022-03-R-win32-x86_64 (1)/eclipse//plugins/org.eclipse.justj.openjdk.hotspot.jre.full.win32.x86_64_17.0.2.v20220201-1208/jre/bin;C:\Program Files\AdoptOpenJDK\jdk-11.0.11.9-hotspot\bin;C:\WINDOWS\system32;C:\WINDOWS;C:\WINDOWS\System32\Wbem;C:\WINDOWS\System32\WindowsPowerShell\v1.0\;C:\WINDOWS\System32\OpenSSH\;C:\Users\M1088236\jdk-15.0.2\bin;C:\Users\M1088236\apache-maven-3.8.6\bin;C:\Program Files\Intel\WiFi\bin\;C:\Program Files\Common Files\Intel\WirelessCommon\;C:\Program Files\Git\cmd;C:\Program Files\MySQL\MySQL Shell 8.0\bin\;C:\Users\M1088236\AppData\Local\Microsoft\WindowsApps;C:\Users\M1088236\Downloads\eclipse-java-2022-03-R-win32-x86_64 (1)\eclipse;;."/>
    <property name="java.vm.info" value="mixed mode"/>
    <property name="java.vendor" value="AdoptOpenJDK"/>
    <property name="java.vm.version" value="11.0.11+9"/>
    <property name="sun.io.unicode.encoding" value="UnicodeLittle"/>
    <property name="java.class.version" value="55.0"/>
  </properties>
  <testcase name="Loard of Love" classname="Articles info" time="45.822">
    <system-out><![CDATA[[TRACE] 2022-07-31 22:15:31.212 [main] BaseClass - All methods are initialising 
[FATAL] 2022-07-31 22:15:31.217 [main] BaseClass - Initialising all the methods at a time
[WARN ] 2022-07-31 22:15:33.552 [main] BaseClass - Driver invoked 
[FATAL] 2022-07-31 22:15:33.552 [main] BaseClass - initializing the Browser for the scenarioLoard of Love
[FATAL] 2022-07-31 22:16:12.578 [main] BaseClass - Navigating to that url
[ERROR] 2022-07-31 22:16:12.578 [main] BaseClass - Causing null pointer while navigate to the homePage
[FATAL] 2022-07-31 22:16:14.947 [main] BaseClass - Training to close popUp
[TRACE] 2022-07-31 22:16:14.970 [main] BaseClass - calling the method
[FATAL] 2022-07-31 22:16:15.944 [main] BaseClass - Assertion passes
[TRACE] 2022-07-31 22:16:16.166 [main] BaseClass - Excuted sucessfully
[WARN ] 2022-07-31 22:16:17.036 [main] BaseClass - Driver Closed 
[DEBUG] 2022-07-31 22:16:17.036 [main] BaseClass - Closing the browser
]]></system-out>
    <system-err><![CDATA[Starting Microsoft Edge WebDriver 103.0.1264.71 (1f7a1d165042010b399db54bd56390dd47e15013) on port 12927
To submit feedback, report a bug, or suggest new features, please visit https://github.com/MicrosoftEdge/EdgeWebDriver

Only local connections are allowed.
Please see https://aka.ms/WebDriverSecurity for suggestions on keeping Microsoft Edge WebDriver safe.

Microsoft Edge WebDriver was started successfully.
Jul 31, 2022 10:15:33 PM org.openqa.selenium.remote.ProtocolHandshake createSession
INFO: Detected dialect: W3C
]]></system-err>
  </testcase>
  <testcase name="our Ambition" classname="Tide Commitment" time="23.695">
    <system-out><![CDATA[[WARN ] 2022-07-31 22:16:18.632 [main] BaseClass - Driver invoked 
[FATAL] 2022-07-31 22:16:18.633 [main] BaseClass - initializing the Browser for the scenarioour Ambition
[FATAL] 2022-07-31 22:16:35.794 [main] BaseClass - Navigating to that url
[ERROR] 2022-07-31 22:16:35.794 [main] BaseClass - Causing null pointer while navigate to the homePage
[FATAL] 2022-07-31 22:16:38.474 [main] BaseClass - Training to close popUp
[FATAL] 2022-07-31 22:16:39.177 [main] BaseClass - Assertion passes
We have always created products that improve people’s lives now and for generations to come—in fact sustainability and social good have always been a part of our business strategy.
[TRACE] 2022-07-31 22:16:39.837 [main] BaseClass - Excuted sucessfully
[WARN ] 2022-07-31 22:16:40.740 [main] BaseClass - Driver Closed 
[DEBUG] 2022-07-31 22:16:40.740 [main] BaseClass - Closing the browser
]]></system-out>
    <system-err><![CDATA[Starting Microsoft Edge WebDriver 103.0.1264.71 (1f7a1d165042010b399db54bd56390dd47e15013) on port 12119
To submit feedback, report a bug, or suggest new features, please visit https://github.com/MicrosoftEdge/EdgeWebDriver

Only local connections are allowed.
Please see https://aka.ms/WebDriverSecurity for suggestions on keeping Microsoft Edge WebDriver safe.

Microsoft Edge WebDriver was started successfully.
Jul 31, 2022 10:16:18 PM org.openqa.selenium.remote.ProtocolHandshake createSession
INFO: Detected dialect: W3C
]]></system-err>
  </testcase>
  <testcase name="Rewards" classname="Coupons and Rewards" time="24.657">
    <system-out><![CDATA[[WARN ] 2022-07-31 22:16:42.354 [main] BaseClass - Driver invoked 
[FATAL] 2022-07-31 22:16:42.355 [main] BaseClass - initializing the Browser for the scenarioRewards
[FATAL] 2022-07-31 22:16:50.777 [main] BaseClass - Navigating to that url
[ERROR] 2022-07-31 22:16:50.777 [main] BaseClass - Causing null pointer while navigate to the homePage
[FATAL] 2022-07-31 22:16:53.430 [main] BaseClass - Training to close popUp
[FATAL] 2022-07-31 22:17:04.109 [main] BaseClass - Assertion passes
Signup Now - Get Access to Exclusive Tide Coupons | P&GGoodEveryday
[TRACE] 2022-07-31 22:17:04.502 [main] BaseClass - Excuted sucessfully
[WARN ] 2022-07-31 22:17:05.397 [main] BaseClass - Driver Closed 
[DEBUG] 2022-07-31 22:17:05.397 [main] BaseClass - Closing the browser
]]></system-out>
    <system-err><![CDATA[Starting Microsoft Edge WebDriver 103.0.1264.71 (1f7a1d165042010b399db54bd56390dd47e15013) on port 25493
To submit feedback, report a bug, or suggest new features, please visit https://github.com/MicrosoftEdge/EdgeWebDriver

Only local connections are allowed.
Please see https://aka.ms/WebDriverSecurity for suggestions on keeping Microsoft Edge WebDriver safe.

Microsoft Edge WebDriver was started successfully.
Jul 31, 2022 10:16:42 PM org.openqa.selenium.remote.ProtocolHandshake createSession
INFO: Detected dialect: W3C
]]></system-err>
  </testcase>
  <testcase name="Products by type" classname="Mechine care" time="23.555">
    <system-out><![CDATA[[WARN ] 2022-07-31 22:17:07.031 [main] BaseClass - Driver invoked 
[FATAL] 2022-07-31 22:17:07.033 [main] BaseClass - initializing the Browser for the scenarioProducts by type
[FATAL] 2022-07-31 22:17:24.000 [main] BaseClass - Navigating to that url
[ERROR] 2022-07-31 22:17:24.001 [main] BaseClass - Causing null pointer while navigate to the homePage
[FATAL] 2022-07-31 22:17:26.623 [main] BaseClass - Training to close popUp
Washing Machine Cleaner
[FATAL] 2022-07-31 22:17:27.854 [main] BaseClass - Assertion passes
[TRACE] 2022-07-31 22:17:28.066 [main] BaseClass - Excuted sucessfully
[WARN ] 2022-07-31 22:17:28.952 [main] BaseClass - Driver Closed 
[DEBUG] 2022-07-31 22:17:28.952 [main] BaseClass - Closing the browser
]]></system-out>
    <system-err><![CDATA[Starting Microsoft Edge WebDriver 103.0.1264.71 (1f7a1d165042010b399db54bd56390dd47e15013) on port 36305
To submit feedback, report a bug, or suggest new features, please visit https://github.com/MicrosoftEdge/EdgeWebDriver

Only local connections are allowed.
Please see https://aka.ms/WebDriverSecurity for suggestions on keeping Microsoft Edge WebDriver safe.

Microsoft Edge WebDriver was started successfully.
Jul 31, 2022 10:17:06 PM org.openqa.selenium.remote.ProtocolHandshake createSession
INFO: Detected dialect: W3C
]]></system-err>
  </testcase>
  <testcase name="Check Egg stains" classname="Information Articles" time="25.582">
    <system-out><![CDATA[[WARN ] 2022-07-31 22:17:30.629 [main] BaseClass - Driver invoked 
[FATAL] 2022-07-31 22:17:30.630 [main] BaseClass - initializing the Browser for the scenarioCheck Egg stains
[FATAL] 2022-07-31 22:17:46.373 [main] BaseClass - Navigating to that url
[ERROR] 2022-07-31 22:17:46.373 [main] BaseClass - Causing null pointer while navigate to the homePage
[FATAL] 2022-07-31 22:17:48.227 [main] BaseClass - Training to close popUp
How to Remove Egg Stains
[FATAL] 2022-07-31 22:17:53.417 [main] BaseClass - Assertion passes
[TRACE] 2022-07-31 22:17:53.659 [main] BaseClass - Excuted sucessfully
[WARN ] 2022-07-31 22:17:54.534 [main] BaseClass - Driver Closed 
[DEBUG] 2022-07-31 22:17:54.534 [main] BaseClass - Closing the browser
]]></system-out>
    <system-err><![CDATA[Starting Microsoft Edge WebDriver 103.0.1264.71 (1f7a1d165042010b399db54bd56390dd47e15013) on port 33516
To submit feedback, report a bug, or suggest new features, please visit https://github.com/MicrosoftEdge/EdgeWebDriver

Only local connections are allowed.
Please see https://aka.ms/WebDriverSecurity for suggestions on keeping Microsoft Edge WebDriver safe.

Microsoft Edge WebDriver was started successfully.
Jul 31, 2022 10:17:30 PM org.openqa.selenium.remote.ProtocolHandshake createSession
INFO: Detected dialect: W3C
]]></system-err>
  </testcase>
  <testcase name="Liquid type products" classname="Liquid products" time="29.108">
    <system-out><![CDATA[[WARN ] 2022-07-31 22:17:56.100 [main] BaseClass - Driver invoked 
[FATAL] 2022-07-31 22:17:56.100 [main] BaseClass - initializing the Browser for the scenarioLiquid type products
[FATAL] 2022-07-31 22:18:18.572 [main] BaseClass - Navigating to that url
[ERROR] 2022-07-31 22:18:18.573 [main] BaseClass - Causing null pointer while navigate to the homePage
[FATAL] 2022-07-31 22:18:21.022 [main] BaseClass - Training to close popUp
Simply Plus Bleach Alternative
[WARN ] 2022-07-31 22:18:23.641 [main] BaseClass - Driver Closed 
[DEBUG] 2022-07-31 22:18:23.641 [main] BaseClass - Closing the browser
]]></system-out>
    <system-err><![CDATA[Starting Microsoft Edge WebDriver 103.0.1264.71 (1f7a1d165042010b399db54bd56390dd47e15013) on port 28227
To submit feedback, report a bug, or suggest new features, please visit https://github.com/MicrosoftEdge/EdgeWebDriver

Only local connections are allowed.
Please see https://aka.ms/WebDriverSecurity for suggestions on keeping Microsoft Edge WebDriver safe.

Microsoft Edge WebDriver was started successfully.
Jul 31, 2022 10:17:55 PM org.openqa.selenium.remote.ProtocolHandshake createSession
INFO: Detected dialect: W3C
]]></system-err>
  </testcase>
  <testcase name="chat timings" classname="Live Chat" time="22.824">
    <system-out><![CDATA[[WARN ] 2022-07-31 22:18:25.246 [main] BaseClass - Driver invoked 
[FATAL] 2022-07-31 22:18:25.246 [main] BaseClass - initializing the Browser for the scenariochat timings
[FATAL] 2022-07-31 22:18:42.414 [main] BaseClass - Navigating to that url
[ERROR] 2022-07-31 22:18:42.414 [main] BaseClass - Causing null pointer while navigate to the homePage
[FATAL] 2022-07-31 22:18:44.978 [main] BaseClass - Training to close popUp
Tide's expert clean team is here to help you via our online chat. Available from Monday to Friday between 10 AM and 6 PM, we're happy to answer all your laundry-related questions.
[FATAL] 2022-07-31 22:18:45.352 [main] BaseClass - Assertion passes
[TRACE] 2022-07-31 22:18:45.585 [main] BaseClass - Excuted sucessfully
[WARN ] 2022-07-31 22:18:46.466 [main] BaseClass - Driver Closed 
[DEBUG] 2022-07-31 22:18:46.466 [main] BaseClass - Closing the browser
]]></system-out>
    <system-err><![CDATA[Starting Microsoft Edge WebDriver 103.0.1264.71 (1f7a1d165042010b399db54bd56390dd47e15013) on port 34218
To submit feedback, report a bug, or suggest new features, please visit https://github.com/MicrosoftEdge/EdgeWebDriver

Only local connections are allowed.
Please see https://aka.ms/WebDriverSecurity for suggestions on keeping Microsoft Edge WebDriver safe.

Microsoft Edge WebDriver was started successfully.
Jul 31, 2022 10:18:25 PM org.openqa.selenium.remote.ProtocolHandshake createSession
INFO: Detected dialect: W3C
]]></system-err>
  </testcase>
  <testcase name="Whats new" classname="New Launches" time="24.281">
    <system-out><![CDATA[[WARN ] 2022-07-31 22:18:48.053 [main] BaseClass - Driver invoked 
[FATAL] 2022-07-31 22:18:48.054 [main] BaseClass - initializing the Browser for the scenarioWhats new
[FATAL] 2022-07-31 22:19:06.491 [main] BaseClass - Navigating to that url
[ERROR] 2022-07-31 22:19:06.492 [main] BaseClass - Causing null pointer while navigate to the homePage
[FATAL] 2022-07-31 22:19:08.983 [main] BaseClass - Training to close popUp
Tide in Space
[FATAL] 2022-07-31 22:19:09.543 [main] BaseClass - Assertion passes
[TRACE] 2022-07-31 22:19:09.845 [main] BaseClass - Excuted sucessfully
[WARN ] 2022-07-31 22:19:10.747 [main] BaseClass - Driver Closed 
[DEBUG] 2022-07-31 22:19:10.747 [main] BaseClass - Closing the browser
]]></system-out>
    <system-err><![CDATA[Starting Microsoft Edge WebDriver 103.0.1264.71 (1f7a1d165042010b399db54bd56390dd47e15013) on port 49037
To submit feedback, report a bug, or suggest new features, please visit https://github.com/MicrosoftEdge/EdgeWebDriver

Only local connections are allowed.
Please see https://aka.ms/WebDriverSecurity for suggestions on keeping Microsoft Edge WebDriver safe.

Microsoft Edge WebDriver was started successfully.
Jul 31, 2022 10:18:47 PM org.openqa.selenium.remote.ProtocolHandshake createSession
INFO: Detected dialect: W3C
]]></system-err>
  </testcase>
  <testcase name="Productsof type" classname="Customised products" time="22.038">
    <system-out><![CDATA[[WARN ] 2022-07-31 22:19:12.306 [main] BaseClass - Driver invoked 
[FATAL] 2022-07-31 22:19:12.306 [main] BaseClass - initializing the Browser for the scenarioProductsof type
[FATAL] 2022-07-31 22:19:21.222 [main] BaseClass - Navigating to that url
[ERROR] 2022-07-31 22:19:21.223 [main] BaseClass - Causing null pointer while navigate to the homePage
[FATAL] 2022-07-31 22:19:23.516 [main] BaseClass - Training to close popUp
$11.58
[FATAL] 2022-07-31 22:19:31.705 [main] BaseClass - Assertion passes
[TRACE] 2022-07-31 22:19:31.904 [main] BaseClass - Excuted sucessfully
[WARN ] 2022-07-31 22:19:32.785 [main] BaseClass - Driver Closed 
[DEBUG] 2022-07-31 22:19:32.785 [main] BaseClass - Closing the browser
]]></system-out>
    <system-err><![CDATA[Starting Microsoft Edge WebDriver 103.0.1264.71 (1f7a1d165042010b399db54bd56390dd47e15013) on port 4115
To submit feedback, report a bug, or suggest new features, please visit https://github.com/MicrosoftEdge/EdgeWebDriver

Only local connections are allowed.
Please see https://aka.ms/WebDriverSecurity for suggestions on keeping Microsoft Edge WebDriver safe.

Microsoft Edge WebDriver was started successfully.
Jul 31, 2022 10:19:12 PM org.openqa.selenium.remote.ProtocolHandshake createSession
INFO: Detected dialect: W3C
]]></system-err>
  </testcase>
  <testcase name="terms and cons" classname="Terms and conditions" time="32.914">
    <system-out><![CDATA[[WARN ] 2022-07-31 22:19:34.342 [main] BaseClass - Driver invoked 
[FATAL] 2022-07-31 22:19:34.343 [main] BaseClass - initializing the Browser for the scenarioterms and cons
[FATAL] 2022-07-31 22:19:47.227 [main] BaseClass - Navigating to that url
[ERROR] 2022-07-31 22:19:47.227 [main] BaseClass - Causing null pointer while navigate to the homePage
[FATAL] 2022-07-31 22:19:50.643 [main] BaseClass - Training to close popUp
P&G Terms & Conditions: electronic signature, chat room
[FATAL] 2022-07-31 22:20:04.598 [main] BaseClass - Assertion passes
[TRACE] 2022-07-31 22:20:04.808 [main] BaseClass - Excuted sucessfully
[WARN ] 2022-07-31 22:20:05.699 [main] BaseClass - Driver Closed 
[DEBUG] 2022-07-31 22:20:05.699 [main] BaseClass - Closing the browser
]]></system-out>
    <system-err><![CDATA[Starting Microsoft Edge WebDriver 103.0.1264.71 (1f7a1d165042010b399db54bd56390dd47e15013) on port 38976
To submit feedback, report a bug, or suggest new features, please visit https://github.com/MicrosoftEdge/EdgeWebDriver

Only local connections are allowed.
Please see https://aka.ms/WebDriverSecurity for suggestions on keeping Microsoft Edge WebDriver safe.

Microsoft Edge WebDriver was started successfully.
Jul 31, 2022 10:19:34 PM org.openqa.selenium.remote.ProtocolHandshake createSession
INFO: Detected dialect: W3C
]]></system-err>
  </testcase>
</testsuite>